[debug] [2022-02-22T12:05:41.098Z] ----------------------------------------------------------------------
[debug] [2022-02-22T12:05:41.100Z] Command:       /Users/bg/.nvm/versions/node/v12.16.1/bin/node /usr/local/bin/firebase init
[debug] [2022-02-22T12:05:41.100Z] CLI Version:   9.10.2
[debug] [2022-02-22T12:05:41.100Z] Platform:      darwin
[debug] [2022-02-22T12:05:41.100Z] Node Version:  v12.16.1
[debug] [2022-02-22T12:05:41.101Z] Time:          Tue Feb 22 2022 13:05:41 GMT+0100 (Central European Standard Time)
[debug] [2022-02-22T12:05:41.101Z] ----------------------------------------------------------------------
[debug] 
[debug] [2022-02-22T12:05:41.103Z] >>> [apiv2][query] GET https://firebase-public.firebaseio.com/cli.json [none]
[debug] [2022-02-22T12:05:41.130Z] > command requires scopes: ["email","openid","https://www.googleapis.com/auth/cloudplatformprojects.readonly","https://www.googleapis.com/auth/firebase","https://www.googleapis.com/auth/cloud-platform"]
[debug] [2022-02-22T12:05:41.130Z] > authorizing via signed-in user (bgokselburak@gmail.com)
[info] 
     ######## #### ########  ######## ########     ###     ######  ########
     ##        ##  ##     ## ##       ##     ##  ##   ##  ##       ##
     ######    ##  ########  ######   ########  #########  ######  ######
     ##        ##  ##    ##  ##       ##     ## ##     ##       ## ##
     ##       #### ##     ## ######## ########  ##     ##  ######  ########

You're about to initialize a Firebase project in this directory:

  /Users/bg/git-sync/angular-syncfusion

[debug] [2022-02-22T12:05:41.533Z] <<< [apiv2][status] GET https://firebase-public.firebaseio.com/cli.json 200
[debug] [2022-02-22T12:05:41.533Z] <<< [apiv2][body] GET https://firebase-public.firebaseio.com/cli.json {"cloudBuildErrorAfter":1594252800000,"cloudBuildWarnAfter":1590019200000,"defaultNode10After":1594252800000,"minVersion":"3.0.5","node8DeploysDisabledAfter":1613390400000,"node8RuntimeDisabledAfter":1615809600000,"node8WarnAfter":1600128000000}
